INFO 2025-04-29 17:49:53,028 autoreload Watching for file changes with StatReloader
ERROR 2025-04-29 17:50:26,599 log Internal Server Error: /login/
Traceback (most recent call last):
  File "C:\Users\snhaidary\Downloads\IT Tracking System\venv\Lib\site-packages\django\template\backends\django.py", line 107, in render
    return self.template.render(context)
           ~~~~~~~~~~~~~~~~~~~~^^^^^^^^^
  File "C:\Users\snhaidary\Downloads\IT Tracking System\venv\Lib\site-packages\django\template\base.py", line 171, in render
    return self._render(context)
           ~~~~~~~~~~~~^^^^^^^^^
  File "C:\Users\snhaidary\Downloads\IT Tracking System\venv\Lib\site-packages\django\template\base.py", line 163, in _render
    return self.nodelist.render(context)
           ~~~~~~~~~~~~~~~~~~~~^^^^^^^^^
  File "C:\Users\snhaidary\Downloads\IT Tracking System\venv\Lib\site-packages\django\template\base.py", line 1016, in render
    return SafeString("".join([node.render_annotated(context) for node in self]))
                               ~~~~~~~~~~~~~~~~~~~~~^^^^^^^^^
  File "C:\Users\snhaidary\Downloads\IT Tracking System\venv\Lib\site-packages\django\template\base.py", line 977, in render_annotated
    return self.render(context)
           ~~~~~~~~~~~^^^^^^^^^
  File "C:\Users\snhaidary\Downloads\IT Tracking System\venv\Lib\site-packages\django\template\loader_tags.py", line 159, in render
    return compiled_parent._render(context)
           ~~~~~~~~~~~~~~~~~~~~~~~^^^^^^^^^
  File "C:\Users\snhaidary\Downloads\IT Tracking System\venv\Lib\site-packages\django\template\base.py", line 163, in _render
    return self.nodelist.render(context)
           ~~~~~~~~~~~~~~~~~~~~^^^^^^^^^
  File "C:\Users\snhaidary\Downloads\IT Tracking System\venv\Lib\site-packages\django\template\base.py", line 1016, in render
    return SafeString("".join([node.render_annotated(context) for node in self]))
                               ~~~~~~~~~~~~~~~~~~~~~^^^^^^^^^
  File "C:\Users\snhaidary\Downloads\IT Tracking System\venv\Lib\site-packages\django\template\base.py", line 977, in render_annotated
    return self.render(context)
           ~~~~~~~~~~~^^^^^^^^^
  File "C:\Users\snhaidary\Downloads\IT Tracking System\venv\Lib\site-packages\django\template\loader_tags.py", line 65, in render
    result = block.nodelist.render(context)
  File "C:\Users\snhaidary\Downloads\IT Tracking System\venv\Lib\site-packages\django\template\base.py", line 1016, in render
    return SafeString("".join([node.render_annotated(context) for node in self]))
                               ~~~~~~~~~~~~~~~~~~~~~^^^^^^^^^
  File "C:\Users\snhaidary\Downloads\IT Tracking System\venv\Lib\site-packages\django\template\base.py", line 977, in render_annotated
    return self.render(context)
           ~~~~~~~~~~~^^^^^^^^^
  File "C:\Users\snhaidary\Downloads\IT Tracking System\venv\Lib\site-packages\django\template\base.py", line 1075, in render
    output = self.filter_expression.resolve(context)
  File "C:\Users\snhaidary\Downloads\IT Tracking System\venv\Lib\site-packages\django\template\base.py", line 749, in resolve
    new_obj = func(obj, *arg_vals)
  File "C:\Users\snhaidary\Downloads\IT Tracking System\venv\Lib\site-packages\crispy_forms\templatetags\crispy_forms_filters.py", line 58, in as_crispy_form
    template = uni_form_template(template_pack)
  File "C:\Users\snhaidary\Downloads\IT Tracking System\venv\Lib\site-packages\crispy_forms\templatetags\crispy_forms_filters.py", line 21, in uni_form_template
    return get_template("%s/uni_form.html" % template_pack)
  File "C:\Users\snhaidary\Downloads\IT Tracking System\venv\Lib\site-packages\django\template\loader.py", line 19, in get_template
    raise TemplateDoesNotExist(template_name, chain=chain)
django.template.exceptions.TemplateDoesNotExist: bootstrap4/uni_form.html

The above exception was the direct cause of the following exception:

Traceback (most recent call last):
  File "C:\Users\snhaidary\Downloads\IT Tracking System\venv\Lib\site-packages\django\core\handlers\exception.py", line 55, in inner
    response = get_response(request)
  File "C:\Users\snhaidary\Downloads\IT Tracking System\venv\Lib\site-packages\django\core\handlers\base.py", line 220, in _get_response
    response = response.render()
  File "C:\Users\snhaidary\Downloads\IT Tracking System\venv\Lib\site-packages\django\template\response.py", line 114, in render
    self.content = self.rendered_content
                   ^^^^^^^^^^^^^^^^^^^^^
  File "C:\Users\snhaidary\Downloads\IT Tracking System\venv\Lib\site-packages\django\template\response.py", line 92, in rendered_content
    return template.render(context, self._request)
           ~~~~~~~~~~~~~~~^^^^^^^^^^^^^^^^^^^^^^^^
  File "C:\Users\snhaidary\Downloads\IT Tracking System\venv\Lib\site-packages\django\template\backends\django.py", line 109, in render
    reraise(exc, self.backend)
    ~~~~~~~^^^^^^^^^^^^^^^^^^^
  File "C:\Users\snhaidary\Downloads\IT Tracking System\venv\Lib\site-packages\django\template\backends\django.py", line 130, in reraise
    raise new from exc
django.template.exceptions.TemplateDoesNotExist: bootstrap4/uni_form.html
WARNING 2025-04-29 17:50:26,875 log Not Found: /favicon.ico
ERROR 2025-04-29 17:51:27,857 log Internal Server Error: /login/
Traceback (most recent call last):
  File "C:\Users\snhaidary\Downloads\IT Tracking System\venv\Lib\site-packages\django\template\backends\django.py", line 107, in render
    return self.template.render(context)
           ~~~~~~~~~~~~~~~~~~~~^^^^^^^^^
  File "C:\Users\snhaidary\Downloads\IT Tracking System\venv\Lib\site-packages\django\template\base.py", line 171, in render
    return self._render(context)
           ~~~~~~~~~~~~^^^^^^^^^
  File "C:\Users\snhaidary\Downloads\IT Tracking System\venv\Lib\site-packages\django\template\base.py", line 163, in _render
    return self.nodelist.render(context)
           ~~~~~~~~~~~~~~~~~~~~^^^^^^^^^
  File "C:\Users\snhaidary\Downloads\IT Tracking System\venv\Lib\site-packages\django\template\base.py", line 1016, in render
    return SafeString("".join([node.render_annotated(context) for node in self]))
                               ~~~~~~~~~~~~~~~~~~~~~^^^^^^^^^
  File "C:\Users\snhaidary\Downloads\IT Tracking System\venv\Lib\site-packages\django\template\base.py", line 977, in render_annotated
    return self.render(context)
           ~~~~~~~~~~~^^^^^^^^^
  File "C:\Users\snhaidary\Downloads\IT Tracking System\venv\Lib\site-packages\django\template\loader_tags.py", line 159, in render
    return compiled_parent._render(context)
           ~~~~~~~~~~~~~~~~~~~~~~~^^^^^^^^^
  File "C:\Users\snhaidary\Downloads\IT Tracking System\venv\Lib\site-packages\django\template\base.py", line 163, in _render
    return self.nodelist.render(context)
           ~~~~~~~~~~~~~~~~~~~~^^^^^^^^^
  File "C:\Users\snhaidary\Downloads\IT Tracking System\venv\Lib\site-packages\django\template\base.py", line 1016, in render
    return SafeString("".join([node.render_annotated(context) for node in self]))
                               ~~~~~~~~~~~~~~~~~~~~~^^^^^^^^^
  File "C:\Users\snhaidary\Downloads\IT Tracking System\venv\Lib\site-packages\django\template\base.py", line 977, in render_annotated
    return self.render(context)
           ~~~~~~~~~~~^^^^^^^^^
  File "C:\Users\snhaidary\Downloads\IT Tracking System\venv\Lib\site-packages\django\template\loader_tags.py", line 65, in render
    result = block.nodelist.render(context)
  File "C:\Users\snhaidary\Downloads\IT Tracking System\venv\Lib\site-packages\django\template\base.py", line 1016, in render
    return SafeString("".join([node.render_annotated(context) for node in self]))
                               ~~~~~~~~~~~~~~~~~~~~~^^^^^^^^^
  File "C:\Users\snhaidary\Downloads\IT Tracking System\venv\Lib\site-packages\django\template\base.py", line 977, in render_annotated
    return self.render(context)
           ~~~~~~~~~~~^^^^^^^^^
  File "C:\Users\snhaidary\Downloads\IT Tracking System\venv\Lib\site-packages\django\template\base.py", line 1075, in render
    output = self.filter_expression.resolve(context)
  File "C:\Users\snhaidary\Downloads\IT Tracking System\venv\Lib\site-packages\django\template\base.py", line 749, in resolve
    new_obj = func(obj, *arg_vals)
  File "C:\Users\snhaidary\Downloads\IT Tracking System\venv\Lib\site-packages\crispy_forms\templatetags\crispy_forms_filters.py", line 58, in as_crispy_form
    template = uni_form_template(template_pack)
  File "C:\Users\snhaidary\Downloads\IT Tracking System\venv\Lib\site-packages\crispy_forms\templatetags\crispy_forms_filters.py", line 21, in uni_form_template
    return get_template("%s/uni_form.html" % template_pack)
  File "C:\Users\snhaidary\Downloads\IT Tracking System\venv\Lib\site-packages\django\template\loader.py", line 19, in get_template
    raise TemplateDoesNotExist(template_name, chain=chain)
django.template.exceptions.TemplateDoesNotExist: bootstrap4/uni_form.html

The above exception was the direct cause of the following exception:

Traceback (most recent call last):
  File "C:\Users\snhaidary\Downloads\IT Tracking System\venv\Lib\site-packages\django\core\handlers\exception.py", line 55, in inner
    response = get_response(request)
  File "C:\Users\snhaidary\Downloads\IT Tracking System\venv\Lib\site-packages\django\core\handlers\base.py", line 220, in _get_response
    response = response.render()
  File "C:\Users\snhaidary\Downloads\IT Tracking System\venv\Lib\site-packages\django\template\response.py", line 114, in render
    self.content = self.rendered_content
                   ^^^^^^^^^^^^^^^^^^^^^
  File "C:\Users\snhaidary\Downloads\IT Tracking System\venv\Lib\site-packages\django\template\response.py", line 92, in rendered_content
    return template.render(context, self._request)
           ~~~~~~~~~~~~~~~^^^^^^^^^^^^^^^^^^^^^^^^
  File "C:\Users\snhaidary\Downloads\IT Tracking System\venv\Lib\site-packages\django\template\backends\django.py", line 109, in render
    reraise(exc, self.backend)
    ~~~~~~~^^^^^^^^^^^^^^^^^^^
  File "C:\Users\snhaidary\Downloads\IT Tracking System\venv\Lib\site-packages\django\template\backends\django.py", line 130, in reraise
    raise new from exc
django.template.exceptions.TemplateDoesNotExist: bootstrap4/uni_form.html
ERROR 2025-04-29 17:51:40,867 log Internal Server Error: /login/
Traceback (most recent call last):
  File "C:\Users\snhaidary\Downloads\IT Tracking System\venv\Lib\site-packages\django\template\backends\django.py", line 107, in render
    return self.template.render(context)
           ~~~~~~~~~~~~~~~~~~~~^^^^^^^^^
  File "C:\Users\snhaidary\Downloads\IT Tracking System\venv\Lib\site-packages\django\template\base.py", line 171, in render
    return self._render(context)
           ~~~~~~~~~~~~^^^^^^^^^
  File "C:\Users\snhaidary\Downloads\IT Tracking System\venv\Lib\site-packages\django\template\base.py", line 163, in _render
    return self.nodelist.render(context)
           ~~~~~~~~~~~~~~~~~~~~^^^^^^^^^
  File "C:\Users\snhaidary\Downloads\IT Tracking System\venv\Lib\site-packages\django\template\base.py", line 1016, in render
    return SafeString("".join([node.render_annotated(context) for node in self]))
                               ~~~~~~~~~~~~~~~~~~~~~^^^^^^^^^
  File "C:\Users\snhaidary\Downloads\IT Tracking System\venv\Lib\site-packages\django\template\base.py", line 977, in render_annotated
    return self.render(context)
           ~~~~~~~~~~~^^^^^^^^^
  File "C:\Users\snhaidary\Downloads\IT Tracking System\venv\Lib\site-packages\django\template\loader_tags.py", line 159, in render
    return compiled_parent._render(context)
           ~~~~~~~~~~~~~~~~~~~~~~~^^^^^^^^^
  File "C:\Users\snhaidary\Downloads\IT Tracking System\venv\Lib\site-packages\django\template\base.py", line 163, in _render
    return self.nodelist.render(context)
           ~~~~~~~~~~~~~~~~~~~~^^^^^^^^^
  File "C:\Users\snhaidary\Downloads\IT Tracking System\venv\Lib\site-packages\django\template\base.py", line 1016, in render
    return SafeString("".join([node.render_annotated(context) for node in self]))
                               ~~~~~~~~~~~~~~~~~~~~~^^^^^^^^^
  File "C:\Users\snhaidary\Downloads\IT Tracking System\venv\Lib\site-packages\django\template\base.py", line 977, in render_annotated
    return self.render(context)
           ~~~~~~~~~~~^^^^^^^^^
  File "C:\Users\snhaidary\Downloads\IT Tracking System\venv\Lib\site-packages\django\template\loader_tags.py", line 65, in render
    result = block.nodelist.render(context)
  File "C:\Users\snhaidary\Downloads\IT Tracking System\venv\Lib\site-packages\django\template\base.py", line 1016, in render
    return SafeString("".join([node.render_annotated(context) for node in self]))
                               ~~~~~~~~~~~~~~~~~~~~~^^^^^^^^^
  File "C:\Users\snhaidary\Downloads\IT Tracking System\venv\Lib\site-packages\django\template\base.py", line 977, in render_annotated
    return self.render(context)
           ~~~~~~~~~~~^^^^^^^^^
  File "C:\Users\snhaidary\Downloads\IT Tracking System\venv\Lib\site-packages\django\template\base.py", line 1075, in render
    output = self.filter_expression.resolve(context)
  File "C:\Users\snhaidary\Downloads\IT Tracking System\venv\Lib\site-packages\django\template\base.py", line 749, in resolve
    new_obj = func(obj, *arg_vals)
  File "C:\Users\snhaidary\Downloads\IT Tracking System\venv\Lib\site-packages\crispy_forms\templatetags\crispy_forms_filters.py", line 58, in as_crispy_form
    template = uni_form_template(template_pack)
  File "C:\Users\snhaidary\Downloads\IT Tracking System\venv\Lib\site-packages\crispy_forms\templatetags\crispy_forms_filters.py", line 21, in uni_form_template
    return get_template("%s/uni_form.html" % template_pack)
  File "C:\Users\snhaidary\Downloads\IT Tracking System\venv\Lib\site-packages\django\template\loader.py", line 19, in get_template
    raise TemplateDoesNotExist(template_name, chain=chain)
django.template.exceptions.TemplateDoesNotExist: bootstrap4/uni_form.html

The above exception was the direct cause of the following exception:

Traceback (most recent call last):
  File "C:\Users\snhaidary\Downloads\IT Tracking System\venv\Lib\site-packages\django\core\handlers\exception.py", line 55, in inner
    response = get_response(request)
  File "C:\Users\snhaidary\Downloads\IT Tracking System\venv\Lib\site-packages\django\core\handlers\base.py", line 220, in _get_response
    response = response.render()
  File "C:\Users\snhaidary\Downloads\IT Tracking System\venv\Lib\site-packages\django\template\response.py", line 114, in render
    self.content = self.rendered_content
                   ^^^^^^^^^^^^^^^^^^^^^
  File "C:\Users\snhaidary\Downloads\IT Tracking System\venv\Lib\site-packages\django\template\response.py", line 92, in rendered_content
    return template.render(context, self._request)
           ~~~~~~~~~~~~~~~^^^^^^^^^^^^^^^^^^^^^^^^
  File "C:\Users\snhaidary\Downloads\IT Tracking System\venv\Lib\site-packages\django\template\backends\django.py", line 109, in render
    reraise(exc, self.backend)
    ~~~~~~~^^^^^^^^^^^^^^^^^^^
  File "C:\Users\snhaidary\Downloads\IT Tracking System\venv\Lib\site-packages\django\template\backends\django.py", line 130, in reraise
    raise new from exc
django.template.exceptions.TemplateDoesNotExist: bootstrap4/uni_form.html
ERROR 2025-04-29 17:51:45,880 log Internal Server Error: /login/
Traceback (most recent call last):
  File "C:\Users\snhaidary\Downloads\IT Tracking System\venv\Lib\site-packages\django\template\backends\django.py", line 107, in render
    return self.template.render(context)
           ~~~~~~~~~~~~~~~~~~~~^^^^^^^^^
  File "C:\Users\snhaidary\Downloads\IT Tracking System\venv\Lib\site-packages\django\template\base.py", line 171, in render
    return self._render(context)
           ~~~~~~~~~~~~^^^^^^^^^
  File "C:\Users\snhaidary\Downloads\IT Tracking System\venv\Lib\site-packages\django\template\base.py", line 163, in _render
    return self.nodelist.render(context)
           ~~~~~~~~~~~~~~~~~~~~^^^^^^^^^
  File "C:\Users\snhaidary\Downloads\IT Tracking System\venv\Lib\site-packages\django\template\base.py", line 1016, in render
    return SafeString("".join([node.render_annotated(context) for node in self]))
                               ~~~~~~~~~~~~~~~~~~~~~^^^^^^^^^
  File "C:\Users\snhaidary\Downloads\IT Tracking System\venv\Lib\site-packages\django\template\base.py", line 977, in render_annotated
    return self.render(context)
           ~~~~~~~~~~~^^^^^^^^^
  File "C:\Users\snhaidary\Downloads\IT Tracking System\venv\Lib\site-packages\django\template\loader_tags.py", line 159, in render
    return compiled_parent._render(context)
           ~~~~~~~~~~~~~~~~~~~~~~~^^^^^^^^^
  File "C:\Users\snhaidary\Downloads\IT Tracking System\venv\Lib\site-packages\django\template\base.py", line 163, in _render
    return self.nodelist.render(context)
           ~~~~~~~~~~~~~~~~~~~~^^^^^^^^^
  File "C:\Users\snhaidary\Downloads\IT Tracking System\venv\Lib\site-packages\django\template\base.py", line 1016, in render
    return SafeString("".join([node.render_annotated(context) for node in self]))
                               ~~~~~~~~~~~~~~~~~~~~~^^^^^^^^^
  File "C:\Users\snhaidary\Downloads\IT Tracking System\venv\Lib\site-packages\django\template\base.py", line 977, in render_annotated
    return self.render(context)
           ~~~~~~~~~~~^^^^^^^^^
  File "C:\Users\snhaidary\Downloads\IT Tracking System\venv\Lib\site-packages\django\template\loader_tags.py", line 65, in render
    result = block.nodelist.render(context)
  File "C:\Users\snhaidary\Downloads\IT Tracking System\venv\Lib\site-packages\django\template\base.py", line 1016, in render
    return SafeString("".join([node.render_annotated(context) for node in self]))
                               ~~~~~~~~~~~~~~~~~~~~~^^^^^^^^^
  File "C:\Users\snhaidary\Downloads\IT Tracking System\venv\Lib\site-packages\django\template\base.py", line 977, in render_annotated
    return self.render(context)
           ~~~~~~~~~~~^^^^^^^^^
  File "C:\Users\snhaidary\Downloads\IT Tracking System\venv\Lib\site-packages\django\template\base.py", line 1075, in render
    output = self.filter_expression.resolve(context)
  File "C:\Users\snhaidary\Downloads\IT Tracking System\venv\Lib\site-packages\django\template\base.py", line 749, in resolve
    new_obj = func(obj, *arg_vals)
  File "C:\Users\snhaidary\Downloads\IT Tracking System\venv\Lib\site-packages\crispy_forms\templatetags\crispy_forms_filters.py", line 58, in as_crispy_form
    template = uni_form_template(template_pack)
  File "C:\Users\snhaidary\Downloads\IT Tracking System\venv\Lib\site-packages\crispy_forms\templatetags\crispy_forms_filters.py", line 21, in uni_form_template
    return get_template("%s/uni_form.html" % template_pack)
  File "C:\Users\snhaidary\Downloads\IT Tracking System\venv\Lib\site-packages\django\template\loader.py", line 19, in get_template
    raise TemplateDoesNotExist(template_name, chain=chain)
django.template.exceptions.TemplateDoesNotExist: bootstrap4/uni_form.html

The above exception was the direct cause of the following exception:

Traceback (most recent call last):
  File "C:\Users\snhaidary\Downloads\IT Tracking System\venv\Lib\site-packages\django\core\handlers\exception.py", line 55, in inner
    response = get_response(request)
  File "C:\Users\snhaidary\Downloads\IT Tracking System\venv\Lib\site-packages\django\core\handlers\base.py", line 220, in _get_response
    response = response.render()
  File "C:\Users\snhaidary\Downloads\IT Tracking System\venv\Lib\site-packages\django\template\response.py", line 114, in render
    self.content = self.rendered_content
                   ^^^^^^^^^^^^^^^^^^^^^
  File "C:\Users\snhaidary\Downloads\IT Tracking System\venv\Lib\site-packages\django\template\response.py", line 92, in rendered_content
    return template.render(context, self._request)
           ~~~~~~~~~~~~~~~^^^^^^^^^^^^^^^^^^^^^^^^
  File "C:\Users\snhaidary\Downloads\IT Tracking System\venv\Lib\site-packages\django\template\backends\django.py", line 109, in render
    reraise(exc, self.backend)
    ~~~~~~~^^^^^^^^^^^^^^^^^^^
  File "C:\Users\snhaidary\Downloads\IT Tracking System\venv\Lib\site-packages\django\template\backends\django.py", line 130, in reraise
    raise new from exc
django.template.exceptions.TemplateDoesNotExist: bootstrap4/uni_form.html
INFO 2025-04-29 17:56:14,747 autoreload Watching for file changes with StatReloader
WARNING 2025-04-29 17:56:47,914 log Not Found: /l
INFO 2025-04-30 10:31:55,565 autoreload Watching for file changes with StatReloader
WARNING 2025-04-30 10:32:16,590 log Not Found: /favicon.ico
INFO 2025-04-30 10:50:01,421 autoreload Watching for file changes with StatReloader
INFO 2025-04-30 11:51:33,291 autoreload Watching for file changes with StatReloader
WARNING 2025-04-30 11:51:44,646 base Method Not Allowed (GET): /logout/
WARNING 2025-04-30 11:51:44,647 log Method Not Allowed: /logout/
WARNING 2025-04-30 11:51:56,042 base Method Not Allowed (GET): /logout/
WARNING 2025-04-30 11:51:56,043 log Method Not Allowed: /logout/
INFO 2025-04-30 12:24:13,644 autoreload Watching for file changes with StatReloader
WARNING 2025-04-30 12:25:09,110 base Method Not Allowed (GET): /logout/
WARNING 2025-04-30 12:25:09,111 log Method Not Allowed: /logout/
WARNING 2025-04-30 12:25:49,260 base Method Not Allowed (GET): /logout/
WARNING 2025-04-30 12:25:49,261 log Method Not Allowed: /logout/
INFO 2025-04-30 12:38:59,344 views Asset created: BDAsset001 by snhaidary
INFO 2025-04-30 15:52:50,737 autoreload Watching for file changes with StatReloader
INFO 2025-04-30 15:53:26,083 views Asset updated: BDAsset-001 by snhaidary
INFO 2025-04-30 15:53:57,433 views Asset updated: BDAsset001 by snhaidary
INFO 2025-04-30 15:55:51,808 views Asset created: BDAsset-002 by snhaidary
WARNING 2025-04-30 16:00:10,070 log Not Found: /favicon.ico
INFO 2025-04-30 16:00:36,737 views Asset updated: BDAsset-002 by snhaidary
INFO 2025-04-30 19:02:17,239 autoreload Watching for file changes with StatReloader
WARNING 2025-04-30 19:02:33,227 log Not Found: /favicon.ico
INFO 2025-04-30 19:18:32,064 views Asset updated: BDAsset-002 by dentry
INFO 2025-04-30 19:19:41,149 views Asset created: BDAsset-003 by dentry
INFO 2025-04-30 19:20:13,542 views Asset updated: BDAsset-002 by dentry
INFO 2025-05-04 11:34:43,815 autoreload Watching for file changes with StatReloader
WARNING 2025-05-04 11:35:04,885 log Not Found: /favicon.ico
INFO 2025-05-04 11:46:40,373 views Asset created: BDAsset-004 by snhaidary
INFO 2025-05-04 12:28:55,640 autoreload Watching for file changes with StatReloader
WARNING 2025-05-04 12:32:53,844 log Not Found: /favicon.ico
INFO 2025-05-04 12:56:00,109 autoreload C:\Users\snhaidary\Downloads\IT Tracking System\assets\models.py changed, reloading.
INFO 2025-05-04 12:56:00,750 autoreload Watching for file changes with StatReloader
INFO 2025-05-04 12:56:23,454 autoreload C:\Users\snhaidary\Downloads\IT Tracking System\assets\forms.py changed, reloading.
INFO 2025-05-04 12:56:24,112 autoreload Watching for file changes with StatReloader
INFO 2025-05-04 13:32:22,174 autoreload C:\Users\snhaidary\Downloads\IT Tracking System\assets\models.py changed, reloading.
INFO 2025-05-04 13:32:22,784 autoreload Watching for file changes with StatReloader
INFO 2025-05-04 13:32:28,288 autoreload C:\Users\snhaidary\Downloads\IT Tracking System\assets\forms.py changed, reloading.
INFO 2025-05-04 13:32:28,952 autoreload Watching for file changes with StatReloader
INFO 2025-05-04 13:40:15,206 autoreload Watching for file changes with StatReloader
INFO 2025-05-04 13:42:43,078 views Asset created: BDAsset-005 by snhaidary
INFO 2025-05-04 13:43:39,253 views Asset updated: BDAsset-004 by snhaidary
INFO 2025-05-04 13:43:53,864 views Asset updated: BDAsset-003 by snhaidary
INFO 2025-05-04 13:44:13,859 views Asset updated: BDAsset-002 by snhaidary
INFO 2025-05-04 13:44:59,139 views Asset updated: BDAsset-001 by snhaidary
INFO 2025-05-04 13:58:05,405 autoreload Watching for file changes with StatReloader
INFO 2025-05-04 14:16:58,416 autoreload Watching for file changes with StatReloader
INFO 2025-05-04 14:17:31,554 views Asset updated: BDAsset-005 by snhaidary
INFO 2025-05-04 14:21:09,062 autoreload C:\Users\snhaidary\Downloads\IT Tracking System\assets\models.py changed, reloading.
INFO 2025-05-04 14:21:09,711 autoreload Watching for file changes with StatReloader
INFO 2025-05-04 14:22:21,642 autoreload C:\Users\snhaidary\Downloads\IT Tracking System\assets\models.py changed, reloading.
INFO 2025-05-04 14:22:22,260 autoreload Watching for file changes with StatReloader
INFO 2025-05-04 14:26:21,951 autoreload C:\Users\snhaidary\Downloads\IT Tracking System\assets\models.py changed, reloading.
INFO 2025-05-04 14:26:22,586 autoreload Watching for file changes with StatReloader
INFO 2025-05-04 14:47:09,127 autoreload C:\Users\snhaidary\Downloads\IT Tracking System\assets\admin.py changed, reloading.
INFO 2025-05-04 14:47:09,739 autoreload Watching for file changes with StatReloader
INFO 2025-05-04 15:11:43,376 autoreload Watching for file changes with StatReloader
INFO 2025-05-04 15:44:45,130 autoreload Watching for file changes with StatReloader
INFO 2025-05-04 15:47:36,365 views Asset created: BDAsset-006 by snhaidary
INFO 2025-05-04 15:52:37,282 autoreload C:\Users\snhaidary\Downloads\IT Tracking System\dashboard\views.py changed, reloading.
INFO 2025-05-04 15:52:37,952 autoreload Watching for file changes with StatReloader
INFO 2025-05-04 15:55:35,215 autoreload C:\Users\snhaidary\Downloads\IT Tracking System\dashboard\views.py changed, reloading.
INFO 2025-05-04 15:55:35,885 autoreload Watching for file changes with StatReloader
INFO 2025-05-04 15:59:46,133 autoreload C:\Users\snhaidary\Downloads\IT Tracking System\dashboard\views.py changed, reloading.
INFO 2025-05-04 15:59:46,774 autoreload Watching for file changes with StatReloader
INFO 2025-05-04 16:04:07,115 autoreload C:\Users\snhaidary\Downloads\IT Tracking System\dashboard\views.py changed, reloading.
INFO 2025-05-04 16:04:07,760 autoreload Watching for file changes with StatReloader
WARNING 2025-05-04 16:06:35,647 log Not Found: /.well-known/appspecific/com.chrome.devtools.json
INFO 2025-05-04 17:13:50,537 views Asset updated: BDAsset-002 by snhaidary
INFO 2025-05-04 17:37:10,329 autoreload Watching for file changes with StatReloader
INFO 2025-05-04 17:37:38,074 views Asset updated: BDAsset-003 by snhaidary
INFO 2025-05-04 17:37:48,375 views Asset updated: BDAsset-003 by snhaidary
INFO 2025-05-04 17:38:07,827 views Asset updated: BDAsset-003 by snhaidary
INFO 2025-05-04 18:00:54,831 autoreload C:\Users\snhaidary\Downloads\IT Tracking System\assets\models.py changed, reloading.
INFO 2025-05-04 18:00:55,491 autoreload Watching for file changes with StatReloader
INFO 2025-05-04 18:01:04,074 autoreload C:\Users\snhaidary\Downloads\IT Tracking System\dashboard\views.py changed, reloading.
INFO 2025-05-04 18:01:04,697 autoreload Watching for file changes with StatReloader
INFO 2025-05-04 18:04:35,518 autoreload C:\Users\snhaidary\Downloads\IT Tracking System\assets\models.py changed, reloading.
INFO 2025-05-04 18:04:36,182 autoreload Watching for file changes with StatReloader
INFO 2025-05-04 18:06:27,376 autoreload C:\Users\snhaidary\Downloads\IT Tracking System\dashboard\views.py changed, reloading.
INFO 2025-05-04 18:06:28,006 autoreload Watching for file changes with StatReloader
INFO 2025-05-04 18:15:53,996 autoreload Watching for file changes with StatReloader
INFO 2025-05-04 18:16:47,811 views Asset updated: BDAsset-006 by dentry
INFO 2025-05-04 18:50:20,271 autoreload Watching for file changes with StatReloader
INFO 2025-05-04 18:55:47,686 views Asset created: BDAsset-007 by snhaidary
INFO 2025-05-04 19:02:48,625 autoreload C:\Users\snhaidary\Downloads\IT Tracking System\dashboard\views.py changed, reloading.
INFO 2025-05-04 19:02:49,395 autoreload Watching for file changes with StatReloader
INFO 2025-05-04 21:46:07,697 autoreload Watching for file changes with StatReloader
WARNING 2025-05-04 21:46:11,928 log Not Found: /favicon.ico
INFO 2025-05-04 21:57:54,889 autoreload C:\Users\snhaidary\Downloads\IT Tracking System\assets\forms.py changed, reloading.
INFO 2025-05-04 21:57:55,548 autoreload Watching for file changes with StatReloader
INFO 2025-05-04 22:17:03,601 autoreload C:\Users\snhaidary\Downloads\IT Tracking System\assets\forms.py changed, reloading.
INFO 2025-05-04 22:17:05,105 autoreload Watching for file changes with StatReloader
INFO 2025-05-04 22:27:09,791 autoreload C:\Users\snhaidary\Downloads\IT Tracking System\assets\forms.py changed, reloading.
INFO 2025-05-04 22:27:10,423 autoreload Watching for file changes with StatReloader
INFO 2025-05-04 22:27:56,636 autoreload C:\Users\snhaidary\Downloads\IT Tracking System\assets\forms.py changed, reloading.
INFO 2025-05-04 22:27:57,229 autoreload Watching for file changes with StatReloader
INFO 2025-05-04 22:30:01,324 autoreload Watching for file changes with StatReloader
WARNING 2025-05-04 22:30:24,616 log Not Found: /favicon.ico
WARNING 2025-05-04 22:30:51,446 log Not Found: /.well-known/appspecific/com.chrome.devtools.json
INFO 2025-05-04 22:38:42,552 autoreload C:\Users\snhaidary\Downloads\IT Tracking System\assets\forms.py changed, reloading.
INFO 2025-05-04 22:38:43,181 autoreload Watching for file changes with StatReloader
INFO 2025-05-04 22:40:45,045 autoreload Watching for file changes with StatReloader
INFO 2025-05-04 22:44:32,848 autoreload Watching for file changes with StatReloader
INFO 2025-05-04 22:46:39,084 views Asset created: BDAsset-008 by snhaidary
INFO 2025-05-04 22:51:30,982 autoreload C:\Users\snhaidary\Downloads\IT Tracking System\assets\filters.py changed, reloading.
INFO 2025-05-04 22:51:31,610 autoreload Watching for file changes with StatReloader
INFO 2025-05-04 22:52:16,806 autoreload C:\Users\snhaidary\Downloads\IT Tracking System\assets\filters.py changed, reloading.
INFO 2025-05-04 22:52:17,414 autoreload Watching for file changes with StatReloader
INFO 2025-05-04 22:53:39,948 views Asset created: BDAsset-009 by snhaidary
INFO 2025-05-05 11:18:34,911 autoreload Watching for file changes with StatReloader
WARNING 2025-05-05 11:18:43,032 log Not Found: /favicon.ico
INFO 2025-05-05 11:26:38,238 autoreload Watching for file changes with StatReloader
INFO 2025-05-05 12:54:17,883 autoreload C:\Users\snhaidary\Downloads\IT Tracking System\assets\models.py changed, reloading.
INFO 2025-05-05 12:54:19,440 autoreload Watching for file changes with StatReloader
INFO 2025-05-05 12:54:49,317 autoreload C:\Users\snhaidary\Downloads\IT Tracking System\assets\forms.py changed, reloading.
INFO 2025-05-05 12:54:49,921 autoreload Watching for file changes with StatReloader
INFO 2025-05-05 12:56:02,456 autoreload C:\Users\snhaidary\Downloads\IT Tracking System\assets\forms.py changed, reloading.
INFO 2025-05-05 12:56:03,137 autoreload Watching for file changes with StatReloader
INFO 2025-05-05 12:57:32,955 autoreload C:\Users\snhaidary\Downloads\IT Tracking System\assets\models.py changed, reloading.
INFO 2025-05-05 12:57:33,561 autoreload Watching for file changes with StatReloader
INFO 2025-05-05 12:58:37,984 autoreload C:\Users\snhaidary\Downloads\IT Tracking System\assets\models.py changed, reloading.
INFO 2025-05-05 12:58:38,595 autoreload Watching for file changes with StatReloader
INFO 2025-05-05 12:59:37,234 views Asset updated: BDAsset-008 by snhaidary
INFO 2025-05-05 12:59:58,380 views Asset updated: BDAsset-007 by snhaidary
INFO 2025-05-05 13:00:12,721 views Asset updated: BDAsset-006 by snhaidary
INFO 2025-05-05 13:00:34,782 views Asset updated: BDAsset-005 by snhaidary
